<?xml version="1.0" encoding="UTF-8"?>
<testng-results skipped="0" failed="0" ignored="0" total="2" passed="2">
  <reporter-output>
  </reporter-output>
  <suite name="Suite" duration-ms="10403" started-at="2023-04-30T18:16:00 IST" finished-at="2023-04-30T18:16:11 IST">
    <groups>
    </groups>
    <test name="Test1" duration-ms="6351" started-at="2023-04-30T18:16:00 IST" finished-at="2023-04-30T18:16:07 IST">
      <class name="batman.Class_A">
        <test-method status="PASS" signature="googleTest()[pri:0, instance:batman.Class_A@614ddd49]" name="googleTest" duration-ms="6310" started-at="2023-04-30T18:16:00 IST" finished-at="2023-04-30T18:16:07 IST">
          <reporter-output>
          </reporter-output>
        </test-method> <!-- googleTest -->
      </class> <!-- batman.Class_A -->
    </test> <!-- Test1 -->
    <test name="Test2" duration-ms="4014" started-at="2023-04-30T18:16:07 IST" finished-at="2023-04-30T18:16:11 IST">
      <class name="batman.Class_B">
        <test-method status="PASS" signature="Test()[pri:0, instance:batman.Class_B@2f943d71]" name="Test" duration-ms="4008" started-at="2023-04-30T18:16:07 IST" finished-at="2023-04-30T18:16:11 IST">
          <reporter-output>
          </reporter-output>
        </test-method> <!-- Test -->
      </class> <!-- batman.Class_B -->
    </test> <!-- Test2 -->
  </suite> <!-- Suite -->
</testng-results>
