<?xml version="1.0" encoding="UTF-8"?>
<testng-results ignored="0" total="1" passed="1" failed="0" skipped="0">
  <reporter-output>
  </reporter-output>
  <suite started-at="2023-04-30T17:47:31 IST" name="Default suite" finished-at="2023-04-30T17:48:21 IST" duration-ms="50012">
    <groups>
    </groups>
    <test started-at="2023-04-30T17:47:31 IST" name="Default test" finished-at="2023-04-30T17:48:21 IST" duration-ms="50012">
      <class name="batman.Class_B">
        <test-method signature="Test()[pri:0, instance:batman.Class_B@483f6d77]" started-at="2023-04-30T17:47:31 IST" name="Test" finished-at="2023-04-30T17:48:21 IST" duration-ms="49953" status="PASS">
          <reporter-output>
          </reporter-output>
        </test-method> <!-- Test -->
      </class> <!-- batman.Class_B -->
    </test> <!-- Default test -->
  </suite> <!-- Default suite -->
</testng-results>
